<?xml version="1.0" encoding="UTF-8"?>
<testsuites>
  <testsuite name="UserAction Test Suite" tests="11" assertions="32" errors="0" failures="0" skipped="0" time="0.257489">
    <testsuite name="RafflesArgentina\UserAction\UserActionModelTest" file="/home/l5-user-action/public_html/tests/UserActionModelTest.php" tests="4" assertions="13" errors="0" failures="0" skipped="0" time="0.128469">
      <testcase name="testRecordBelongsToUser" class="RafflesArgentina\UserAction\UserActionModelTest" classname="RafflesArgentina.UserAction.UserActionModelTest" file="/home/l5-user-action/public_html/tests/UserActionModelTest.php" line="24" assertions="1" time="0.098794"/>
      <testcase name="testPropertiesExist" class="RafflesArgentina\UserAction\UserActionModelTest" classname="RafflesArgentina.UserAction.UserActionModelTest" file="/home/l5-user-action/public_html/tests/UserActionModelTest.php" line="9" assertions="5" time="0.010788"/>
      <testcase name="testTableColumnsMatchFillable" class="RafflesArgentina\UserAction\UserActionModelTest" classname="RafflesArgentina.UserAction.UserActionModelTest" file="/home/l5-user-action/public_html/tests/UserActionModelTest.php" line="20" assertions="6" time="0.009905"/>
      <testcase name="testTableColumnsMatchValidationData" class="RafflesArgentina\UserAction\UserActionModelTest" classname="RafflesArgentina.UserAction.UserActionModelTest" file="/home/l5-user-action/public_html/tests/UserActionModelTest.php" line="33" assertions="1" time="0.008982"/>
    </testsuite>
    <testsuite name="RafflesArgentina\UserAction\UserActionRoutes" file="/home/l5-user-action/public_html/tests/UserActionRoutesTest.php" tests="7" assertions="19" errors="0" failures="0" skipped="0" time="0.129020">
      <testcase name="testCreateRoute" class="RafflesArgentina\UserAction\UserActionRoutes" classname="RafflesArgentina.UserAction.UserActionRoutes" file="/home/l5-user-action/public_html/tests/UserActionRoutesTest.php" line="18" assertions="2" time="0.035116"/>
      <testcase name="testStoreRoute" class="RafflesArgentina\UserAction\UserActionRoutes" classname="RafflesArgentina.UserAction.UserActionRoutes" file="/home/l5-user-action/public_html/tests/UserActionRoutesTest.php" line="27" assertions="2" time="0.011612"/>
      <testcase name="testEditRoute" class="RafflesArgentina\UserAction\UserActionRoutes" classname="RafflesArgentina.UserAction.UserActionRoutes" file="/home/l5-user-action/public_html/tests/UserActionRoutesTest.php" line="36" assertions="2" time="0.010983"/>
      <testcase name="testUpdateRoute" class="RafflesArgentina\UserAction\UserActionRoutes" classname="RafflesArgentina.UserAction.UserActionRoutes" file="/home/l5-user-action/public_html/tests/UserActionRoutesTest.php" line="45" assertions="2" time="0.010457"/>
      <testcase name="testDestroyRoute" class="RafflesArgentina\UserAction\UserActionRoutes" classname="RafflesArgentina.UserAction.UserActionRoutes" file="/home/l5-user-action/public_html/tests/UserActionRoutesTest.php" line="54" assertions="2" time="0.010952"/>
      <testcase name="testIndexRoute" class="RafflesArgentina\UserAction\UserActionRoutes" classname="RafflesArgentina.UserAction.UserActionRoutes" file="/home/l5-user-action/public_html/tests/UserActionRoutesTest.php" line="7" assertions="5" time="0.031390"/>
      <testcase name="testShowRoute" class="RafflesArgentina\UserAction\UserActionRoutes" classname="RafflesArgentina.UserAction.UserActionRoutes" file="/home/l5-user-action/public_html/tests/UserActionRoutesTest.php" line="59" assertions="4" time="0.018510"/>
    </testsuite>
  </testsuite>
</testsuites>
